<?xml version="1.0" encoding="UTF-8"?>
<testsuite name="AirportTest$airportCapacity" tests="2" skipped="0" failures="0" errors="0" timestamp="2019-09-06T15:29:30" hostname="Makerss-MacBook-Pro-2.local" time="0.014">
  <properties/>
  <testcase name="hasDefaultCapacity" classname="AirportTest$airportCapacity" time="0.005"/>
  <testcase name="hasVariableCapacity" classname="AirportTest$airportCapacity" time="0.008"/>
  <system-out><![CDATA[]]></system-out>
  <system-err><![CDATA[]]></system-err>
</testsuite>
