<?xml version="1.0" encoding="UTF-8"?>
<testsuite name="AirportTest$whenWeatherIsNotStormy$whenPlaneIsFlying" tests="4" skipped="0" failures="0" errors="0" timestamp="2019-09-09T10:12:22" hostname="Makerss-MacBook-Pro-2.local" time="0.029">
  <properties/>
  <testcase name="aFlyingPlaneCannotTakeOff" classname="AirportTest$whenWeatherIsNotStormy$whenPlaneIsFlying" time="0.005"/>
  <testcase name="preventLandingWhenFull" classname="AirportTest$whenWeatherIsNotStormy$whenPlaneIsFlying" time="0.002"/>
  <testcase name="instructPlaneToLand" classname="AirportTest$whenWeatherIsNotStormy$whenPlaneIsFlying" time="0.005"/>
  <testcase name="aPlaneLandsWhenItEntersTheAirport" classname="AirportTest$whenWeatherIsNotStormy$whenPlaneIsFlying" time="0.009"/>
  <system-out><![CDATA[]]></system-out>
  <system-err><![CDATA[]]></system-err>
</testsuite>
