<?xml version="1.0" encoding="UTF-8"?>
<testsuite name="AirportTest$whenWeatherIsNotStormy$whenPlaneIsNotFlying" tests="2" skipped="0" failures="0" errors="0" timestamp="2019-09-06T15:29:30" hostname="Makerss-MacBook-Pro-2.local" time="0.007">
  <properties/>
  <testcase name="aPlaneCannotLandIfAtAnAirport" classname="AirportTest$whenWeatherIsNotStormy$whenPlaneIsNotFlying" time="0.004"/>
  <testcase name="canInstructPlaneToTakeOff" classname="AirportTest$whenWeatherIsNotStormy$whenPlaneIsNotFlying" time="0.002"/>
  <system-out><![CDATA[]]></system-out>
  <system-err><![CDATA[]]></system-err>
</testsuite>
