<?xml version="1.0" encoding="UTF-8"?>
<testsuite name="WeatherTest" tests="2" skipped="0" failures="0" errors="0" timestamp="2019-09-08T20:35:51" hostname="Makerss-MacBook-Pro-2.local" time="0.006">
  <properties/>
  <testcase name="canCheckIfStormy" classname="WeatherTest" time="0.005"/>
  <testcase name="hasWeatherRatingFromOneToTen" classname="WeatherTest" time="0.0"/>
  <system-out><![CDATA[]]></system-out>
  <system-err><![CDATA[]]></system-err>
</testsuite>
