<?xml version="1.0" encoding="UTF-8"?>
<testsuite name="AirportTest$whenWeatherIsNotStormy$whenPlaneIsFlying" tests="4" skipped="0" failures="0" errors="0" timestamp="2019-09-08T20:35:52" hostname="Makerss-MacBook-Pro-2.local" time="0.017">
  <properties/>
  <testcase name="aFlyingPlaneCannotTakeOff" classname="AirportTest$whenWeatherIsNotStormy$whenPlaneIsFlying" time="0.001"/>
  <testcase name="preventLandingWhenFull" classname="AirportTest$whenWeatherIsNotStormy$whenPlaneIsFlying" time="0.001"/>
  <testcase name="instructPlaneToLand" classname="AirportTest$whenWeatherIsNotStormy$whenPlaneIsFlying" time="0.001"/>
  <testcase name="aPlaneLandsWhenItEntersTheAirport" classname="AirportTest$whenWeatherIsNotStormy$whenPlaneIsFlying" time="0.011"/>
  <system-out><![CDATA[]]></system-out>
  <system-err><![CDATA[]]></system-err>
</testsuite>
