<?xml version="1.0" encoding="UTF-8"?>
<testsuite name="AirportTest$airportCapacity" tests="2" skipped="0" failures="0" errors="0" timestamp="2019-09-09T10:12:22" hostname="Makerss-MacBook-Pro-2.local" time="0.019">
  <properties/>
  <testcase name="hasDefaultCapacity" classname="AirportTest$airportCapacity" time="0.007"/>
  <testcase name="hasVariableCapacity" classname="AirportTest$airportCapacity" time="0.012"/>
  <system-out><![CDATA[]]></system-out>
  <system-err><![CDATA[]]></system-err>
</testsuite>
