<?xml version="1.0" encoding="UTF-8"?>
<testsuite name="WeatherTest" tests="1" skipped="0" failures="0" errors="0" timestamp="2019-09-09T10:12:22" hostname="Makerss-MacBook-Pro-2.local" time="0.005">
  <properties/>
  <testcase name="canCheckIfStormy" classname="WeatherTest" time="0.005"/>
  <system-out><![CDATA[]]></system-out>
  <system-err><![CDATA[]]></system-err>
</testsuite>
