<?xml version="1.0" encoding="UTF-8"?>
<testsuite name="AirportTest$airportCapacity" tests="2" skipped="0" failures="0" errors="0" timestamp="2019-09-06T20:58:30" hostname="Makerss-MacBook-Pro-2.local" time="0.021">
  <properties/>
  <testcase name="hasDefaultCapacity" classname="AirportTest$airportCapacity" time="0.006"/>
  <testcase name="hasVariableCapacity" classname="AirportTest$airportCapacity" time="0.014"/>
  <system-out><![CDATA[]]></system-out>
  <system-err><![CDATA[]]></system-err>
</testsuite>
