<?xml version="1.0" encoding="UTF-8"?>
<testsuite name="AirportTest$whenWeatherIsStormy" tests="2" skipped="0" failures="0" errors="0" timestamp="2019-09-09T10:12:22" hostname="Makerss-MacBook-Pro-2.local" time="0.007">
  <properties/>
  <testcase name="preventsPlanesTakingOffWhenStormy" classname="AirportTest$whenWeatherIsStormy" time="0.005"/>
  <testcase name="preventsLandingWhenStormy" classname="AirportTest$whenWeatherIsStormy" time="0.001"/>
  <system-out><![CDATA[]]></system-out>
  <system-err><![CDATA[]]></system-err>
</testsuite>
