<?xml version="1.0" encoding="UTF-8"?>
<testsuite name="AirportTest" tests="2" skipped="0" failures="0" errors="0" timestamp="2019-09-06T12:33:43" hostname="Makerss-MacBook-Pro-2.local" time="0.595">
  <properties/>
  <testcase name="hasADefaultCapacity" classname="AirportTest" time="0.591"/>
  <testcase name="aPlaneCanLand" classname="AirportTest" time="0.004"/>
  <system-out><![CDATA[]]></system-out>
  <system-err><![CDATA[]]></system-err>
</testsuite>
