<?xml version="1.0" encoding="UTF-8"?>
<testsuite name="PlaneTest" tests="5" skipped="0" failures="0" errors="0" timestamp="2019-09-06T15:29:30" hostname="Makerss-MacBook-Pro-2.local" time="0.005">
  <properties/>
  <testcase name="canFly" classname="PlaneTest" time="0.0"/>
  <testcase name="ifFlyingAndLandsIsNoLongerFlying" classname="PlaneTest" time="0.001"/>
  <testcase name="ifNotFlyingAndTakesOffIsNowFlying" classname="PlaneTest" time="0.0"/>
  <testcase name="canLand" classname="PlaneTest" time="0.0"/>
  <testcase name="canTakeOff" classname="PlaneTest" time="0.0"/>
  <system-out><![CDATA[]]></system-out>
  <system-err><![CDATA[]]></system-err>
</testsuite>
